<?xml version="1.0" encoding="UTF-8"?>
<testsuite name="com.esri.geoevent.processor.motioncalculator.DistanceCalcTest" time="0.007" tests="1" errors="0" skipped="0" failures="1">
  <properties>
[...]
</properties>
  <testcase name="test" classname="com.esri.geoevent.processor.motioncalculator.DistanceCalcTest" time="0.007">
    <failure message="Not yet implemented" type="java.lang.AssertionError">java.lang.AssertionError: Not yet implemented
	at org.junit.Assert.fail(Assert.java:91)
	at com.esri.geoevent.processor.motioncalculator.DistanceCalcTest.test(DistanceCalcTest.java:35)
</failure>
    <system-out>setUpBeforeClass
setUp
test
tearDown
</system-out>
  </testcase>
</testsuite>